  arbore_oarecare.c
C:\Users\J1\Desktop\SDD SEMINARII\ARBORI\arbore_oarecare.c(31,20): warning C4133: '=': incompatible types - from 'nodarb *' to 'nodarb *'
C:\Users\J1\Desktop\SDD SEMINARII\ARBORI\arbore_oarecare.c(32,22): warning C4133: '=': incompatible types - from 'nodarb *' to 'nodarb *'
C:\Users\J1\Desktop\SDD SEMINARII\ARBORI\arbore_oarecare.c(42,45): warning C4133: 'function': incompatible types - from 'nodarb *' to 'nodarb *'
C:\Users\J1\Desktop\SDD SEMINARII\ARBORI\arbore_oarecare.c(42,46): warning C4133: '=': incompatible types - from 'nodarb *' to 'nodarb *'
C:\Users\J1\Desktop\SDD SEMINARII\ARBORI\arbore_oarecare.c(48,48): warning C4133: 'function': incompatible types - from 'nodarb *' to 'nodarb *'
C:\Users\J1\Desktop\SDD SEMINARII\ARBORI\arbore_oarecare.c(48,49): warning C4133: '=': incompatible types - from 'nodarb *' to 'nodarb *'
C:\Users\J1\Desktop\SDD SEMINARII\ARBORI\arbore_oarecare.c(65,22): warning C4133: 'function': incompatible types - from 'nodarb *' to 'nodarb *'
C:\Users\J1\Desktop\SDD SEMINARII\ARBORI\arbore_oarecare.c(66,23): warning C4133: 'function': incompatible types - from 'nodarb *' to 'nodarb *'
C:\Users\J1\Desktop\SDD SEMINARII\ARBORI\arbore_oarecare.c(75,21): warning C4133: 'function': incompatible types - from 'nodarb *' to 'nodarb *'
C:\Users\J1\Desktop\SDD SEMINARII\ARBORI\arbore_oarecare.c(77,22): warning C4133: 'function': incompatible types - from 'nodarb *' to 'nodarb *'
C:\Users\J1\Desktop\SDD SEMINARII\ARBORI\arbore_oarecare.c(86,23): warning C4133: 'function': incompatible types - from 'nodarb *' to 'nodarb *'
C:\Users\J1\Desktop\SDD SEMINARII\ARBORI\arbore_oarecare.c(87,24): warning C4133: 'function': incompatible types - from 'nodarb *' to 'nodarb *'
C:\Users\J1\Desktop\SDD SEMINARII\ARBORI\arbore_oarecare.c(96,1): warning C4133: 'initializing': incompatible types - from 'nodarb *' to 'nodarb *'
C:\Users\J1\Desktop\SDD SEMINARII\ARBORI\arbore_oarecare.c(97,1): warning C4133: 'initializing': incompatible types - from 'nodarb *' to 'nodarb *'
C:\Users\J1\Desktop\SDD SEMINARII\ARBORI\arbore_oarecare.c(113,29): warning C4133: 'function': incompatible types - from 'nodarb *' to 'nodarb *'
C:\Users\J1\Desktop\SDD SEMINARII\ARBORI\arbore_oarecare.c(116,31): warning C4133: 'function': incompatible types - from 'nodarb *' to 'nodarb *'
C:\Users\J1\Desktop\SDD SEMINARII\ARBORI\arbore_oarecare.c(134,36): warning C4133: 'function': incompatible types - from 'nodarb *' to 'nodarb *'
C:\Users\J1\Desktop\SDD SEMINARII\ARBORI\arbore_oarecare.c(135,38): warning C4133: 'function': incompatible types - from 'nodarb *' to 'nodarb *'
C:\Users\J1\Desktop\SDD SEMINARII\ARBORI\arbore_oarecare.c(155,38): warning C4133: 'function': incompatible types - from 'nodarb *' to 'nodarb *'
C:\Users\J1\Desktop\SDD SEMINARII\ARBORI\arbore_oarecare.c(156,39): warning C4133: 'function': incompatible types - from 'nodarb *' to 'nodarb *'
C:\Users\J1\Desktop\SDD SEMINARII\ARBORI\arbore_oarecare.c(170,34): warning C4133: 'function': incompatible types - from 'nodarb *' to 'nodarb *'
C:\Users\J1\Desktop\SDD SEMINARII\ARBORI\arbore_oarecare.c(171,35): warning C4133: 'function': incompatible types - from 'nodarb *' to 'nodarb *'
C:\Users\J1\Desktop\SDD SEMINARII\ARBORI\arbore_oarecare.c(179,18): warning C4133: '=': incompatible types - from 'nodarb *' to 'nodarb *'
C:\Users\J1\Desktop\SDD SEMINARII\ARBORI\arbore_oarecare.c(184,23): warning C4133: '=': incompatible types - from 'nodarb *' to 'nodarb *'
C:\Users\J1\Desktop\SDD SEMINARII\ARBORI\arbore_oarecare.c(190,20): warning C4133: '=': incompatible types - from 'nodarb *' to 'nodarb *'
C:\Users\J1\Desktop\SDD SEMINARII\ARBORI\arbore_oarecare.c(182,1): warning C4133: 'initializing': incompatible types - from 'nodarb *' to 'nodarb *'
C:\Users\J1\Desktop\SDD SEMINARII\ARBORI\arbore_oarecare.c(211,32): warning C4133: 'function': incompatible types - from 'nodarb *' to 'nodarb *'
C:\Users\J1\Desktop\SDD SEMINARII\ARBORI\arbore_oarecare.c(216,33): warning C4133: 'function': incompatible types - from 'nodarb *' to 'nodarb *'
C:\Users\J1\Desktop\SDD SEMINARII\ARBORI\arbore_oarecare.c(120): warning C4715: 'cautare': not all control paths return a value
  ARBORI.vcxproj -> C:\Users\J1\Desktop\SDD SEMINARII\ARBORI\x64\Debug\ARBORI.exe
