  arbore_rosu_negru.c
C:\Users\Administrator\source\repos\SDD2022\Curs_8\Curs_8\arbore_rosu_negru.c(28,16): warning C4133: '=': incompatible types - from 'nodarb *' to 'nodarb *'
C:\Users\Administrator\source\repos\SDD2022\Curs_8\Curs_8\arbore_rosu_negru.c(29,17): warning C4133: '=': incompatible types - from 'nodarb *' to 'nodarb *'
C:\Users\Administrator\source\repos\SDD2022\Curs_8\Curs_8\arbore_rosu_negru.c(50,21): warning C4133: '=': incompatible types - from 'nodarb *' to 'nodarb *'
C:\Users\Administrator\source\repos\SDD2022\Curs_8\Curs_8\arbore_rosu_negru.c(53,39): warning C4133: '=': incompatible types - from 'nodarb *' to 'nodarb *'
C:\Users\Administrator\source\repos\SDD2022\Curs_8\Curs_8\arbore_rosu_negru.c(59,23): warning C4133: '=': incompatible types - from 'nodarb *' to 'nodarb *'
C:\Users\Administrator\source\repos\SDD2022\Curs_8\Curs_8\arbore_rosu_negru.c(62,41): warning C4133: '=': incompatible types - from 'nodarb *' to 'nodarb *'
C:\Users\Administrator\source\repos\SDD2022\Curs_8\Curs_8\arbore_rosu_negru.c(75,22): warning C4133: 'function': incompatible types - from 'nodarb *' to 'nodarb *'
C:\Users\Administrator\source\repos\SDD2022\Curs_8\Curs_8\arbore_rosu_negru.c(76,23): warning C4133: 'function': incompatible types - from 'nodarb *' to 'nodarb *'
C:\Users\Administrator\source\repos\SDD2022\Curs_8\Curs_8\arbore_rosu_negru.c(84,21): warning C4133: 'function': incompatible types - from 'nodarb *' to 'nodarb *'
C:\Users\Administrator\source\repos\SDD2022\Curs_8\Curs_8\arbore_rosu_negru.c(86,22): warning C4133: 'function': incompatible types - from 'nodarb *' to 'nodarb *'
C:\Users\Administrator\source\repos\SDD2022\Curs_8\Curs_8\arbore_rosu_negru.c(94,23): warning C4133: 'function': incompatible types - from 'nodarb *' to 'nodarb *'
C:\Users\Administrator\source\repos\SDD2022\Curs_8\Curs_8\arbore_rosu_negru.c(95,24): warning C4133: 'function': incompatible types - from 'nodarb *' to 'nodarb *'
C:\Users\Administrator\source\repos\SDD2022\Curs_8\Curs_8\arbore_rosu_negru.c(104,1): warning C4133: 'initializing': incompatible types - from 'nodarb *' to 'nodarb *'
C:\Users\Administrator\source\repos\SDD2022\Curs_8\Curs_8\arbore_rosu_negru.c(105,1): warning C4133: 'initializing': incompatible types - from 'nodarb *' to 'nodarb *'
C:\Users\Administrator\source\repos\SDD2022\Curs_8\Curs_8\arbore_rosu_negru.c(121,29): warning C4133: 'function': incompatible types - from 'nodarb *' to 'nodarb *'
C:\Users\Administrator\source\repos\SDD2022\Curs_8\Curs_8\arbore_rosu_negru.c(123,30): warning C4133: 'function': incompatible types - from 'nodarb *' to 'nodarb *'
C:\Users\Administrator\source\repos\SDD2022\Curs_8\Curs_8\arbore_rosu_negru.c(140,40): warning C4133: 'function': incompatible types - from 'nodarb *' to 'nodarb *'
C:\Users\Administrator\source\repos\SDD2022\Curs_8\Curs_8\arbore_rosu_negru.c(140,64): warning C4133: 'function': incompatible types - from 'nodarb *' to 'nodarb *'
C:\Users\Administrator\source\repos\SDD2022\Curs_8\Curs_8\arbore_rosu_negru.c(160,1): warning C4133: 'initializing': incompatible types - from 'nodarb *' to 'nodarb *'
C:\Users\Administrator\source\repos\SDD2022\Curs_8\Curs_8\arbore_rosu_negru.c(161,1): warning C4133: 'initializing': incompatible types - from 'nodarb *' to 'nodarb *'
C:\Users\Administrator\source\repos\SDD2022\Curs_8\Curs_8\arbore_rosu_negru.c(174,18): warning C4133: '=': incompatible types - from 'nodarb *' to 'nodarb *'
C:\Users\Administrator\source\repos\SDD2022\Curs_8\Curs_8\arbore_rosu_negru.c(179,23): warning C4133: '=': incompatible types - from 'nodarb *' to 'nodarb *'
C:\Users\Administrator\source\repos\SDD2022\Curs_8\Curs_8\arbore_rosu_negru.c(185,20): warning C4133: '=': incompatible types - from 'nodarb *' to 'nodarb *'
C:\Users\Administrator\source\repos\SDD2022\Curs_8\Curs_8\arbore_rosu_negru.c(177,1): warning C4133: 'initializing': incompatible types - from 'nodarb *' to 'nodarb *'
C:\Users\Administrator\source\repos\SDD2022\Curs_8\Curs_8\arbore_rosu_negru.c(213,1): warning C4133: 'initializing': incompatible types - from 'nodarb *' to 'nodarb *'
C:\Users\Administrator\source\repos\SDD2022\Curs_8\Curs_8\arbore_rosu_negru.c(225,1): warning C4133: 'initializing': incompatible types - from 'nodarb *' to 'nodarb *'
C:\Users\Administrator\source\repos\SDD2022\Curs_8\Curs_8\arbore_rosu_negru.c(240,34): warning C4133: 'function': incompatible types - from 'nodarb *' to 'nodarb *'
C:\Users\Administrator\source\repos\SDD2022\Curs_8\Curs_8\arbore_rosu_negru.c(240,58): warning C4133: 'function': incompatible types - from 'nodarb *' to 'nodarb *'
C:\Users\Administrator\source\repos\SDD2022\Curs_8\Curs_8\arbore_rosu_negru.c(256,21): warning C4133: 'function': incompatible types - from 'nodarb *' to 'nodarb *'
C:\Users\Administrator\source\repos\SDD2022\Curs_8\Curs_8\arbore_rosu_negru.c(257,22): warning C4133: 'function': incompatible types - from 'nodarb *' to 'nodarb *'
C:\Users\Administrator\source\repos\SDD2022\Curs_8\Curs_8\arbore_rosu_negru.c(243,1): warning C4133: 'initializing': incompatible types - from 'nodarb *' to 'nodarb *'
C:\Users\Administrator\source\repos\SDD2022\Curs_8\Curs_8\arbore_rosu_negru.c(244,1): warning C4133: 'initializing': incompatible types - from 'nodarb *' to 'nodarb *'
C:\Users\Administrator\source\repos\SDD2022\Curs_8\Curs_8\arbore_rosu_negru.c(266,19): warning C4133: '=': incompatible types - from 'nodarb *' to 'nodarb *'
C:\Users\Administrator\source\repos\SDD2022\Curs_8\Curs_8\arbore_rosu_negru.c(264,1): warning C4133: 'initializing': incompatible types - from 'nodarb *' to 'nodarb *'
C:\Users\Administrator\source\repos\SDD2022\Curs_8\Curs_8\arbore_rosu_negru.c(276,18): warning C4133: '=': incompatible types - from 'nodarb *' to 'nodarb *'
C:\Users\Administrator\source\repos\SDD2022\Curs_8\Curs_8\arbore_rosu_negru.c(274,1): warning C4133: 'initializing': incompatible types - from 'nodarb *' to 'nodarb *'
C:\Users\Administrator\source\repos\SDD2022\Curs_8\Curs_8\arbore_rosu_negru.c(287,20): warning C4133: '=': incompatible types - from 'nodarb *' to 'nodarb *'
C:\Users\Administrator\source\repos\SDD2022\Curs_8\Curs_8\arbore_rosu_negru.c(289,18): warning C4133: '=': incompatible types - from 'nodarb *' to 'nodarb *'
C:\Users\Administrator\source\repos\SDD2022\Curs_8\Curs_8\arbore_rosu_negru.c(284,1): warning C4133: 'initializing': incompatible types - from 'nodarb *' to 'nodarb *'
C:\Users\Administrator\source\repos\SDD2022\Curs_8\Curs_8\arbore_rosu_negru.c(285,1): warning C4133: 'initializing': incompatible types - from 'nodarb *' to 'nodarb *'
C:\Users\Administrator\source\repos\SDD2022\Curs_8\Curs_8\arbore_rosu_negru.c(300,19): warning C4133: '=': incompatible types - from 'nodarb *' to 'nodarb *'
C:\Users\Administrator\source\repos\SDD2022\Curs_8\Curs_8\arbore_rosu_negru.c(302,19): warning C4133: '=': incompatible types - from 'nodarb *' to 'nodarb *'
C:\Users\Administrator\source\repos\SDD2022\Curs_8\Curs_8\arbore_rosu_negru.c(297,1): warning C4133: 'initializing': incompatible types - from 'nodarb *' to 'nodarb *'
C:\Users\Administrator\source\repos\SDD2022\Curs_8\Curs_8\arbore_rosu_negru.c(298,1): warning C4133: 'initializing': incompatible types - from 'nodarb *' to 'nodarb *'
C:\Users\Administrator\source\repos\SDD2022\Curs_8\Curs_8\arbore_rosu_negru.c(310,1): warning C4133: 'initializing': incompatible types - from 'nodarb *' to 'nodarb *'
C:\Users\Administrator\source\repos\SDD2022\Curs_8\Curs_8\arbore_rosu_negru.c(311,1): warning C4133: 'initializing': incompatible types - from 'nodarb *' to 'nodarb *'
C:\Users\Administrator\source\repos\SDD2022\Curs_8\Curs_8\arbore_rosu_negru.c(383,20): warning C4133: 'function': incompatible types - from 'nodarb *' to 'nodarb *'
C:\Users\Administrator\source\repos\SDD2022\Curs_8\Curs_8\arbore_rosu_negru.c(385,21): warning C4133: 'function': incompatible types - from 'nodarb *' to 'nodarb *'
C:\Users\Administrator\source\repos\SDD2022\Curs_8\Curs_8\arbore_rosu_negru.c(389,67): warning C4133: 'function': incompatible types - from 'nodarb *' to 'nodarb *'
C:\Users\Administrator\source\repos\SDD2022\Curs_8\Curs_8\arbore_rosu_negru.c(390,68): warning C4133: 'function': incompatible types - from 'nodarb *' to 'nodarb *'
  Curs_8.vcxproj -> C:\Users\Administrator\source\repos\SDD2022\Curs_8\Curs_8\x64\Debug\Curs_8.exe
