  Source.c
C:\Users\Administrator\Desktop\SDD 2022\2023\Sem8SDD_1061\Source.c(27,43): warning C4013: 'strlen' undefined; assuming extern returning int
C:\Users\Administrator\Desktop\SDD 2022\2023\Sem8SDD_1061\Source.c(28,8): warning C4013: 'strcpy' undefined; assuming extern returning int
C:\Users\Administrator\Desktop\SDD 2022\2023\Sem8SDD_1061\Source.c(30,16): warning C4133: '=': incompatible types - from 'nodArb *' to 'nodArb *'
C:\Users\Administrator\Desktop\SDD 2022\2023\Sem8SDD_1061\Source.c(31,17): warning C4133: '=': incompatible types - from 'nodArb *' to 'nodArb *'
C:\Users\Administrator\Desktop\SDD 2022\2023\Sem8SDD_1061\Source.c(41,37): warning C4133: 'function': incompatible types - from 'nodArb *' to 'nodArb *'
C:\Users\Administrator\Desktop\SDD 2022\2023\Sem8SDD_1061\Source.c(41,41): warning C4133: '=': incompatible types - from 'nodArb *' to 'nodArb *'
C:\Users\Administrator\Desktop\SDD 2022\2023\Sem8SDD_1061\Source.c(47,40): warning C4133: 'function': incompatible types - from 'nodArb *' to 'nodArb *'
C:\Users\Administrator\Desktop\SDD 2022\2023\Sem8SDD_1061\Source.c(47,44): warning C4133: '=': incompatible types - from 'nodArb *' to 'nodArb *'
C:\Users\Administrator\Desktop\SDD 2022\2023\Sem8SDD_1061\Source.c(64,22): warning C4133: 'function': incompatible types - from 'nodArb *' to 'nodArb *'
C:\Users\Administrator\Desktop\SDD 2022\2023\Sem8SDD_1061\Source.c(65,23): warning C4133: 'function': incompatible types - from 'nodArb *' to 'nodArb *'
C:\Users\Administrator\Desktop\SDD 2022\2023\Sem8SDD_1061\Source.c(74,21): warning C4133: 'function': incompatible types - from 'nodArb *' to 'nodArb *'
C:\Users\Administrator\Desktop\SDD 2022\2023\Sem8SDD_1061\Source.c(77,22): warning C4133: 'function': incompatible types - from 'nodArb *' to 'nodArb *'
C:\Users\Administrator\Desktop\SDD 2022\2023\Sem8SDD_1061\Source.c(86,23): warning C4133: 'function': incompatible types - from 'nodArb *' to 'nodArb *'
C:\Users\Administrator\Desktop\SDD 2022\2023\Sem8SDD_1061\Source.c(87,24): warning C4133: 'function': incompatible types - from 'nodArb *' to 'nodArb *'
C:\Users\Administrator\Desktop\SDD 2022\2023\Sem8SDD_1061\Source.c(104,1): warning C4133: 'initializing': incompatible types - from 'nodArb *' to 'nodArb *'
C:\Users\Administrator\Desktop\SDD 2022\2023\Sem8SDD_1061\Source.c(105,1): warning C4133: 'initializing': incompatible types - from 'nodArb *' to 'nodArb *'
C:\Users\Administrator\Desktop\SDD 2022\2023\Sem8SDD_1061\Source.c(120,33): warning C4133: 'function': incompatible types - from 'nodArb *' to 'nodArb *'
C:\Users\Administrator\Desktop\SDD 2022\2023\Sem8SDD_1061\Source.c(121,34): warning C4133: 'function': incompatible types - from 'nodArb *' to 'nodArb *'
C:\Users\Administrator\Desktop\SDD 2022\2023\Sem8SDD_1061\Source.c(134,29): warning C4133: 'function': incompatible types - from 'nodArb *' to 'nodArb *'
C:\Users\Administrator\Desktop\SDD 2022\2023\Sem8SDD_1061\Source.c(135,30): warning C4133: 'function': incompatible types - from 'nodArb *' to 'nodArb *'
C:\Users\Administrator\Desktop\SDD 2022\2023\Sem8SDD_1061\Source.c(147,29): warning C4133: 'function': incompatible types - from 'nodArb *' to 'nodArb *'
C:\Users\Administrator\Desktop\SDD 2022\2023\Sem8SDD_1061\Source.c(149,30): warning C4133: 'function': incompatible types - from 'nodArb *' to 'nodArb *'
C:\Users\Administrator\Desktop\SDD 2022\2023\Sem8SDD_1061\Source.c(169,21): warning C4133: '=': incompatible types - from 'nodLista *' to 'nodLista *'
C:\Users\Administrator\Desktop\SDD 2022\2023\Sem8SDD_1061\Source.c(170,19): warning C4133: '=': incompatible types - from 'nodLista *' to 'nodLista *'
C:\Users\Administrator\Desktop\SDD 2022\2023\Sem8SDD_1061\Source.c(182,20): warning C4133: '=': incompatible types - from 'nodLista *' to 'nodLista *'
C:\Users\Administrator\Desktop\SDD 2022\2023\Sem8SDD_1061\Source.c(191,1): warning C4133: 'initializing': incompatible types - from 'nodLista *' to 'nodLista *'
C:\Users\Administrator\Desktop\SDD 2022\2023\Sem8SDD_1061\Source.c(204,34): warning C4133: 'function': incompatible types - from 'nodArb *' to 'nodArb *'
C:\Users\Administrator\Desktop\SDD 2022\2023\Sem8SDD_1061\Source.c(205,35): warning C4133: 'function': incompatible types - from 'nodArb *' to 'nodArb *'
C:\Users\Administrator\Desktop\SDD 2022\2023\Sem8SDD_1061\Source.c(220,44): warning C4133: 'function': incompatible types - from 'nodArb *' to 'nodArb *'
C:\Users\Administrator\Desktop\SDD 2022\2023\Sem8SDD_1061\Source.c(221,29): warning C4133: 'function': incompatible types - from 'nodArb *' to 'nodArb *'
C:\Users\Administrator\Desktop\SDD 2022\2023\Sem8SDD_1061\Source.c(278,67): warning C4133: 'function': incompatible types - from 'nodArb *' to 'nodArb *'
C:\Users\Administrator\Desktop\SDD 2022\2023\Sem8SDD_1061\Source.c(279,68): warning C4133: 'function': incompatible types - from 'nodArb *' to 'nodArb *'
  Sem8SDD_1061.vcxproj -> C:\Users\Administrator\Desktop\SDD 2022\2023\Sem8SDD_1061\Debug\Sem8SDD_1061.exe
