  Source.c
C:\Users\Administrator\source\repos\SDD2023\Seminar 9\Sem9SDD_1061\Source.c(28,43): warning C4013: 'strlen' undefined; assuming extern returning int
C:\Users\Administrator\source\repos\SDD2023\Seminar 9\Sem9SDD_1061\Source.c(29,8): warning C4013: 'strcpy' undefined; assuming extern returning int
C:\Users\Administrator\source\repos\SDD2023\Seminar 9\Sem9SDD_1061\Source.c(31,16): warning C4133: '=': incompatible types - from 'nodArb *' to 'nodArb *'
C:\Users\Administrator\source\repos\SDD2023\Seminar 9\Sem9SDD_1061\Source.c(32,17): warning C4133: '=': incompatible types - from 'nodArb *' to 'nodArb *'
C:\Users\Administrator\source\repos\SDD2023\Seminar 9\Sem9SDD_1061\Source.c(42,37): warning C4133: 'function': incompatible types - from 'nodArb *' to 'nodArb *'
C:\Users\Administrator\source\repos\SDD2023\Seminar 9\Sem9SDD_1061\Source.c(42,41): warning C4133: '=': incompatible types - from 'nodArb *' to 'nodArb *'
C:\Users\Administrator\source\repos\SDD2023\Seminar 9\Sem9SDD_1061\Source.c(48,40): warning C4133: 'function': incompatible types - from 'nodArb *' to 'nodArb *'
C:\Users\Administrator\source\repos\SDD2023\Seminar 9\Sem9SDD_1061\Source.c(48,44): warning C4133: '=': incompatible types - from 'nodArb *' to 'nodArb *'
C:\Users\Administrator\source\repos\SDD2023\Seminar 9\Sem9SDD_1061\Source.c(66,22): warning C4133: 'function': incompatible types - from 'nodArb *' to 'nodArb *'
C:\Users\Administrator\source\repos\SDD2023\Seminar 9\Sem9SDD_1061\Source.c(67,23): warning C4133: 'function': incompatible types - from 'nodArb *' to 'nodArb *'
C:\Users\Administrator\source\repos\SDD2023\Seminar 9\Sem9SDD_1061\Source.c(76,21): warning C4133: 'function': incompatible types - from 'nodArb *' to 'nodArb *'
C:\Users\Administrator\source\repos\SDD2023\Seminar 9\Sem9SDD_1061\Source.c(80,22): warning C4133: 'function': incompatible types - from 'nodArb *' to 'nodArb *'
C:\Users\Administrator\source\repos\SDD2023\Seminar 9\Sem9SDD_1061\Source.c(89,23): warning C4133: 'function': incompatible types - from 'nodArb *' to 'nodArb *'
C:\Users\Administrator\source\repos\SDD2023\Seminar 9\Sem9SDD_1061\Source.c(90,24): warning C4133: 'function': incompatible types - from 'nodArb *' to 'nodArb *'
C:\Users\Administrator\source\repos\SDD2023\Seminar 9\Sem9SDD_1061\Source.c(108,1): warning C4133: 'initializing': incompatible types - from 'nodArb *' to 'nodArb *'
C:\Users\Administrator\source\repos\SDD2023\Seminar 9\Sem9SDD_1061\Source.c(109,1): warning C4133: 'initializing': incompatible types - from 'nodArb *' to 'nodArb *'
C:\Users\Administrator\source\repos\SDD2023\Seminar 9\Sem9SDD_1061\Source.c(124,33): warning C4133: 'function': incompatible types - from 'nodArb *' to 'nodArb *'
C:\Users\Administrator\source\repos\SDD2023\Seminar 9\Sem9SDD_1061\Source.c(125,34): warning C4133: 'function': incompatible types - from 'nodArb *' to 'nodArb *'
C:\Users\Administrator\source\repos\SDD2023\Seminar 9\Sem9SDD_1061\Source.c(138,29): warning C4133: 'function': incompatible types - from 'nodArb *' to 'nodArb *'
C:\Users\Administrator\source\repos\SDD2023\Seminar 9\Sem9SDD_1061\Source.c(139,30): warning C4133: 'function': incompatible types - from 'nodArb *' to 'nodArb *'
C:\Users\Administrator\source\repos\SDD2023\Seminar 9\Sem9SDD_1061\Source.c(151,29): warning C4133: 'function': incompatible types - from 'nodArb *' to 'nodArb *'
C:\Users\Administrator\source\repos\SDD2023\Seminar 9\Sem9SDD_1061\Source.c(153,30): warning C4133: 'function': incompatible types - from 'nodArb *' to 'nodArb *'
C:\Users\Administrator\source\repos\SDD2023\Seminar 9\Sem9SDD_1061\Source.c(173,21): warning C4133: '=': incompatible types - from 'nodLista *' to 'nodLista *'
C:\Users\Administrator\source\repos\SDD2023\Seminar 9\Sem9SDD_1061\Source.c(174,19): warning C4133: '=': incompatible types - from 'nodLista *' to 'nodLista *'
C:\Users\Administrator\source\repos\SDD2023\Seminar 9\Sem9SDD_1061\Source.c(186,20): warning C4133: '=': incompatible types - from 'nodLista *' to 'nodLista *'
C:\Users\Administrator\source\repos\SDD2023\Seminar 9\Sem9SDD_1061\Source.c(195,1): warning C4133: 'initializing': incompatible types - from 'nodLista *' to 'nodLista *'
C:\Users\Administrator\source\repos\SDD2023\Seminar 9\Sem9SDD_1061\Source.c(208,34): warning C4133: 'function': incompatible types - from 'nodArb *' to 'nodArb *'
C:\Users\Administrator\source\repos\SDD2023\Seminar 9\Sem9SDD_1061\Source.c(209,35): warning C4133: 'function': incompatible types - from 'nodArb *' to 'nodArb *'
C:\Users\Administrator\source\repos\SDD2023\Seminar 9\Sem9SDD_1061\Source.c(224,44): warning C4133: 'function': incompatible types - from 'nodArb *' to 'nodArb *'
C:\Users\Administrator\source\repos\SDD2023\Seminar 9\Sem9SDD_1061\Source.c(225,29): warning C4133: 'function': incompatible types - from 'nodArb *' to 'nodArb *'
C:\Users\Administrator\source\repos\SDD2023\Seminar 9\Sem9SDD_1061\Source.c(235,18): warning C4133: '=': incompatible types - from 'nodArb *' to 'nodArb *'
C:\Users\Administrator\source\repos\SDD2023\Seminar 9\Sem9SDD_1061\Source.c(240,21): warning C4133: '=': incompatible types - from 'nodArb *' to 'nodArb *'
C:\Users\Administrator\source\repos\SDD2023\Seminar 9\Sem9SDD_1061\Source.c(246,20): warning C4133: '=': incompatible types - from 'nodArb *' to 'nodArb *'
C:\Users\Administrator\source\repos\SDD2023\Seminar 9\Sem9SDD_1061\Source.c(238,1): warning C4133: 'initializing': incompatible types - from 'nodArb *' to 'nodArb *'
C:\Users\Administrator\source\repos\SDD2023\Seminar 9\Sem9SDD_1061\Source.c(259,35): warning C4133: 'function': incompatible types - from 'nodArb *' to 'nodArb *'
C:\Users\Administrator\source\repos\SDD2023\Seminar 9\Sem9SDD_1061\Source.c(259,43): warning C4133: '=': incompatible types - from 'nodArb *' to 'nodArb *'
C:\Users\Administrator\source\repos\SDD2023\Seminar 9\Sem9SDD_1061\Source.c(262,38): warning C4133: 'function': incompatible types - from 'nodArb *' to 'nodArb *'
C:\Users\Administrator\source\repos\SDD2023\Seminar 9\Sem9SDD_1061\Source.c(262,46): warning C4133: '=': incompatible types - from 'nodArb *' to 'nodArb *'
C:\Users\Administrator\source\repos\SDD2023\Seminar 9\Sem9SDD_1061\Source.c(275,13): warning C4013: 'strcmp' undefined; assuming extern returning int
C:\Users\Administrator\source\repos\SDD2023\Seminar 9\Sem9SDD_1061\Source.c(280,40): warning C4133: 'function': incompatible types - from 'nodArb *' to 'nodArb *'
C:\Users\Administrator\source\repos\SDD2023\Seminar 9\Sem9SDD_1061\Source.c(280,46): warning C4133: '=': incompatible types - from 'nodArb *' to 'nodArb *'
C:\Users\Administrator\source\repos\SDD2023\Seminar 9\Sem9SDD_1061\Source.c(281,42): warning C4133: 'function': incompatible types - from 'nodArb *' to 'nodArb *'
C:\Users\Administrator\source\repos\SDD2023\Seminar 9\Sem9SDD_1061\Source.c(281,48): warning C4133: '=': incompatible types - from 'nodArb *' to 'nodArb *'
C:\Users\Administrator\source\repos\SDD2023\Seminar 9\Sem9SDD_1061\Source.c(293,38): warning C4133: 'function': incompatible types - from 'nodArb *' to 'nodArb *'
C:\Users\Administrator\source\repos\SDD2023\Seminar 9\Sem9SDD_1061\Source.c(293,66): warning C4133: 'function': incompatible types - from 'nodArb *' to 'nodArb *'
C:\Users\Administrator\source\repos\SDD2023\Seminar 9\Sem9SDD_1061\Source.c(294,21): warning C4133: 'function': incompatible types - from 'nodArb *' to 'nodArb *'
C:\Users\Administrator\source\repos\SDD2023\Seminar 9\Sem9SDD_1061\Source.c(295,22): warning C4133: 'function': incompatible types - from 'nodArb *' to 'nodArb *'
C:\Users\Administrator\source\repos\SDD2023\Seminar 9\Sem9SDD_1061\Source.c(304,19): warning C4133: '=': incompatible types - from 'nodArb *' to 'nodArb *'
C:\Users\Administrator\source\repos\SDD2023\Seminar 9\Sem9SDD_1061\Source.c(302,1): warning C4133: 'initializing': incompatible types - from 'nodArb *' to 'nodArb *'
C:\Users\Administrator\source\repos\SDD2023\Seminar 9\Sem9SDD_1061\Source.c(314,18): warning C4133: '=': incompatible types - from 'nodArb *' to 'nodArb *'
C:\Users\Administrator\source\repos\SDD2023\Seminar 9\Sem9SDD_1061\Source.c(312,1): warning C4133: 'initializing': incompatible types - from 'nodArb *' to 'nodArb *'
C:\Users\Administrator\source\repos\SDD2023\Seminar 9\Sem9SDD_1061\Source.c(325,19): warning C4133: '=': incompatible types - from 'nodArb *' to 'nodArb *'
C:\Users\Administrator\source\repos\SDD2023\Seminar 9\Sem9SDD_1061\Source.c(327,19): warning C4133: '=': incompatible types - from 'nodArb *' to 'nodArb *'
C:\Users\Administrator\source\repos\SDD2023\Seminar 9\Sem9SDD_1061\Source.c(322,1): warning C4133: 'initializing': incompatible types - from 'nodArb *' to 'nodArb *'
C:\Users\Administrator\source\repos\SDD2023\Seminar 9\Sem9SDD_1061\Source.c(323,1): warning C4133: 'initializing': incompatible types - from 'nodArb *' to 'nodArb *'
C:\Users\Administrator\source\repos\SDD2023\Seminar 9\Sem9SDD_1061\Source.c(338,20): warning C4133: '=': incompatible types - from 'nodArb *' to 'nodArb *'
C:\Users\Administrator\source\repos\SDD2023\Seminar 9\Sem9SDD_1061\Source.c(340,18): warning C4133: '=': incompatible types - from 'nodArb *' to 'nodArb *'
C:\Users\Administrator\source\repos\SDD2023\Seminar 9\Sem9SDD_1061\Source.c(335,1): warning C4133: 'initializing': incompatible types - from 'nodArb *' to 'nodArb *'
C:\Users\Administrator\source\repos\SDD2023\Seminar 9\Sem9SDD_1061\Source.c(336,1): warning C4133: 'initializing': incompatible types - from 'nodArb *' to 'nodArb *'
C:\Users\Administrator\source\repos\SDD2023\Seminar 9\Sem9SDD_1061\Source.c(348,1): warning C4133: 'initializing': incompatible types - from 'nodArb *' to 'nodArb *'
C:\Users\Administrator\source\repos\SDD2023\Seminar 9\Sem9SDD_1061\Source.c(349,1): warning C4133: 'initializing': incompatible types - from 'nodArb *' to 'nodArb *'
C:\Users\Administrator\source\repos\SDD2023\Seminar 9\Sem9SDD_1061\Source.c(403,20): warning C4133: 'function': incompatible types - from 'nodArb *' to 'nodArb *'
C:\Users\Administrator\source\repos\SDD2023\Seminar 9\Sem9SDD_1061\Source.c(405,23): warning C4133: 'function': incompatible types - from 'nodArb *' to 'nodArb *'
C:\Users\Administrator\source\repos\SDD2023\Seminar 9\Sem9SDD_1061\Source.c(432,67): warning C4133: 'function': incompatible types - from 'nodArb *' to 'nodArb *'
C:\Users\Administrator\source\repos\SDD2023\Seminar 9\Sem9SDD_1061\Source.c(433,68): warning C4133: 'function': incompatible types - from 'nodArb *' to 'nodArb *'
C:\Users\Administrator\source\repos\SDD2023\Seminar 9\Sem9SDD_1061\Source.c(441,20): warning C4133: 'function': incompatible types - from 'nodArb *' to 'nodArb *'
C:\Users\Administrator\source\repos\SDD2023\Seminar 9\Sem9SDD_1061\Source.c(443,23): warning C4133: 'function': incompatible types - from 'nodArb *' to 'nodArb *'
  Sem8SDD_1061.vcxproj -> C:\Users\Administrator\source\repos\SDD2023\Seminar 9\Sem9SDD_1061\x64\Debug\Sem8SDD_1061.exe
