  Source.c
C:\Users\J1\Desktop\SDD SEMINARII\biletListaDubla\Source.c(25,50): warning C4013: 'strlen' undefined; assuming extern returning int
C:\Users\J1\Desktop\SDD SEMINARII\biletListaDubla\Source.c(26,8): warning C4013: 'strcpy' undefined; assuming extern returning int
C:\Users\J1\Desktop\SDD SEMINARII\biletListaDubla\Source.c(34,18): warning C4133: '=': incompatible types - from 'nodls *' to 'nodls *'
C:\Users\J1\Desktop\SDD SEMINARII\biletListaDubla\Source.c(35,18): warning C4133: '=': incompatible types - from 'nodls *' to 'nodls *'
C:\Users\J1\Desktop\SDD SEMINARII\biletListaDubla\Source.c(40,27): warning C4133: '!=': incompatible types - from 'nodls *' to 'nodls *'
C:\Users\J1\Desktop\SDD SEMINARII\biletListaDubla\Source.c(41,21): warning C4133: '=': incompatible types - from 'nodls *' to 'nodls *'
C:\Users\J1\Desktop\SDD SEMINARII\biletListaDubla\Source.c(42,19): warning C4133: '=': incompatible types - from 'nodls *' to 'nodls *'
C:\Users\J1\Desktop\SDD SEMINARII\biletListaDubla\Source.c(43,19): warning C4133: '=': incompatible types - from 'nodls *' to 'nodls *'
C:\Users\J1\Desktop\SDD SEMINARII\biletListaDubla\Source.c(45,23): warning C4133: '=': incompatible types - from 'nodls *' to 'nodls *'
C:\Users\J1\Desktop\SDD SEMINARII\biletListaDubla\Source.c(46,23): warning C4133: '=': incompatible types - from 'nodls *' to 'nodls *'
C:\Users\J1\Desktop\SDD SEMINARII\biletListaDubla\Source.c(54,26): warning C4133: '!=': incompatible types - from 'nodls *' to 'nodls *'
C:\Users\J1\Desktop\SDD SEMINARII\biletListaDubla\Source.c(58,20): warning C4133: '=': incompatible types - from 'nodls *' to 'nodls *'
C:\Users\J1\Desktop\SDD SEMINARII\biletListaDubla\Source.c(67,28): warning C4133: '!=': incompatible types - from 'nodls *' to 'nodls *'
C:\Users\J1\Desktop\SDD SEMINARII\biletListaDubla\Source.c(71,20): warning C4133: '=': incompatible types - from 'nodls *' to 'nodls *'
C:\Users\J1\Desktop\SDD SEMINARII\biletListaDubla\Source.c(81,26): warning C4133: '!=': incompatible types - from 'nodls *' to 'nodls *'
C:\Users\J1\Desktop\SDD SEMINARII\biletListaDubla\Source.c(84,20): warning C4133: '=': incompatible types - from 'nodls *' to 'nodls *'
C:\Users\J1\Desktop\SDD SEMINARII\biletListaDubla\Source.c(95,26): warning C4133: '!=': incompatible types - from 'nodls *' to 'nodls *'
C:\Users\J1\Desktop\SDD SEMINARII\biletListaDubla\Source.c(101,29): warning C4133: '=': incompatible types - from 'nodls *' to 'nodls *'
C:\Users\J1\Desktop\SDD SEMINARII\biletListaDubla\Source.c(102,29): warning C4133: '=': incompatible types - from 'nodls *' to 'nodls *'
C:\Users\J1\Desktop\SDD SEMINARII\biletListaDubla\Source.c(108,21): warning C4133: '=': incompatible types - from 'nodls *' to 'nodls *'
C:\Users\J1\Desktop\SDD SEMINARII\biletListaDubla\Source.c(113,20): warning C4133: '=': incompatible types - from 'nodls *' to 'nodls *'
C:\Users\J1\Desktop\SDD SEMINARII\biletListaDubla\Source.c(114,20): warning C4133: '=': incompatible types - from 'nodls *' to 'nodls *'
C:\Users\J1\Desktop\SDD SEMINARII\biletListaDubla\Source.c(99,1): warning C4133: 'initializing': incompatible types - from 'nodls *' to 'nodls *'
C:\Users\J1\Desktop\SDD SEMINARII\biletListaDubla\Source.c(100,1): warning C4133: 'initializing': incompatible types - from 'nodls *' to 'nodls *'
C:\Users\J1\Desktop\SDD SEMINARII\biletListaDubla\Source.c(112,1): warning C4133: 'initializing': incompatible types - from 'nodls *' to 'nodls *'
C:\Users\J1\Desktop\SDD SEMINARII\biletListaDubla\Source.c(125,28): warning C4133: '!=': incompatible types - from 'nodls *' to 'nodls *'
C:\Users\J1\Desktop\SDD SEMINARII\biletListaDubla\Source.c(131,29): warning C4133: '=': incompatible types - from 'nodls *' to 'nodls *'
C:\Users\J1\Desktop\SDD SEMINARII\biletListaDubla\Source.c(132,29): warning C4133: '=': incompatible types - from 'nodls *' to 'nodls *'
C:\Users\J1\Desktop\SDD SEMINARII\biletListaDubla\Source.c(138,21): warning C4133: '=': incompatible types - from 'nodls *' to 'nodls *'
C:\Users\J1\Desktop\SDD SEMINARII\biletListaDubla\Source.c(143,22): warning C4133: '=': incompatible types - from 'nodls *' to 'nodls *'
C:\Users\J1\Desktop\SDD SEMINARII\biletListaDubla\Source.c(144,22): warning C4133: '=': incompatible types - from 'nodls *' to 'nodls *'
C:\Users\J1\Desktop\SDD SEMINARII\biletListaDubla\Source.c(129,1): warning C4133: 'initializing': incompatible types - from 'nodls *' to 'nodls *'
C:\Users\J1\Desktop\SDD SEMINARII\biletListaDubla\Source.c(130,1): warning C4133: 'initializing': incompatible types - from 'nodls *' to 'nodls *'
C:\Users\J1\Desktop\SDD SEMINARII\biletListaDubla\Source.c(142,1): warning C4133: 'initializing': incompatible types - from 'nodls *' to 'nodls *'
C:\Users\J1\Desktop\SDD SEMINARII\biletListaDubla\Source.c(155,26): warning C4133: '!=': incompatible types - from 'nodls *' to 'nodls *'
C:\Users\J1\Desktop\SDD SEMINARII\biletListaDubla\Source.c(157,1): warning C4133: 'initializing': incompatible types - from 'nodls *' to 'nodls *'
  biletListaDubla.vcxproj -> C:\Users\J1\Desktop\SDD SEMINARII\biletListaDubla\x64\Debug\biletListaDubla.exe
