  Source.c
C:\Users\Administrator\source\repos\SDD2023\Seminar 9\Sem9SDD_1060\Source.c(22,43): warning C4013: 'strlen' undefined; assuming extern returning int
C:\Users\Administrator\source\repos\SDD2023\Seminar 9\Sem9SDD_1060\Source.c(23,8): warning C4013: 'strcpy' undefined; assuming extern returning int
C:\Users\Administrator\source\repos\SDD2023\Seminar 9\Sem9SDD_1060\Source.c(25,16): warning C4133: '=': incompatible types - from 'nodArb *' to 'nodArb *'
C:\Users\Administrator\source\repos\SDD2023\Seminar 9\Sem9SDD_1060\Source.c(26,17): warning C4133: '=': incompatible types - from 'nodArb *' to 'nodArb *'
C:\Users\Administrator\source\repos\SDD2023\Seminar 9\Sem9SDD_1060\Source.c(36,37): warning C4133: 'function': incompatible types - from 'nodArb *' to 'nodArb *'
C:\Users\Administrator\source\repos\SDD2023\Seminar 9\Sem9SDD_1060\Source.c(36,41): warning C4133: '=': incompatible types - from 'nodArb *' to 'nodArb *'
C:\Users\Administrator\source\repos\SDD2023\Seminar 9\Sem9SDD_1060\Source.c(42,40): warning C4133: 'function': incompatible types - from 'nodArb *' to 'nodArb *'
C:\Users\Administrator\source\repos\SDD2023\Seminar 9\Sem9SDD_1060\Source.c(42,44): warning C4133: '=': incompatible types - from 'nodArb *' to 'nodArb *'
C:\Users\Administrator\source\repos\SDD2023\Seminar 9\Sem9SDD_1060\Source.c(58,22): warning C4133: 'function': incompatible types - from 'nodArb *' to 'nodArb *'
C:\Users\Administrator\source\repos\SDD2023\Seminar 9\Sem9SDD_1060\Source.c(59,23): warning C4133: 'function': incompatible types - from 'nodArb *' to 'nodArb *'
C:\Users\Administrator\source\repos\SDD2023\Seminar 9\Sem9SDD_1060\Source.c(67,21): warning C4133: 'function': incompatible types - from 'nodArb *' to 'nodArb *'
C:\Users\Administrator\source\repos\SDD2023\Seminar 9\Sem9SDD_1060\Source.c(70,22): warning C4133: 'function': incompatible types - from 'nodArb *' to 'nodArb *'
C:\Users\Administrator\source\repos\SDD2023\Seminar 9\Sem9SDD_1060\Source.c(78,23): warning C4133: 'function': incompatible types - from 'nodArb *' to 'nodArb *'
C:\Users\Administrator\source\repos\SDD2023\Seminar 9\Sem9SDD_1060\Source.c(79,24): warning C4133: 'function': incompatible types - from 'nodArb *' to 'nodArb *'
C:\Users\Administrator\source\repos\SDD2023\Seminar 9\Sem9SDD_1060\Source.c(99,23): warning C4133: 'function': incompatible types - from 'nodArb *' to 'nodArb *'
C:\Users\Administrator\source\repos\SDD2023\Seminar 9\Sem9SDD_1060\Source.c(100,24): warning C4133: 'function': incompatible types - from 'nodArb *' to 'nodArb *'
C:\Users\Administrator\source\repos\SDD2023\Seminar 9\Sem9SDD_1060\Source.c(111,33): warning C4133: 'function': incompatible types - from 'nodArb *' to 'nodArb *'
C:\Users\Administrator\source\repos\SDD2023\Seminar 9\Sem9SDD_1060\Source.c(112,34): warning C4133: 'function': incompatible types - from 'nodArb *' to 'nodArb *'
C:\Users\Administrator\source\repos\SDD2023\Seminar 9\Sem9SDD_1060\Source.c(125,26): warning C4133: 'function': incompatible types - from 'nodArb *' to 'nodArb *'
C:\Users\Administrator\source\repos\SDD2023\Seminar 9\Sem9SDD_1060\Source.c(126,27): warning C4133: 'function': incompatible types - from 'nodArb *' to 'nodArb *'
C:\Users\Administrator\source\repos\SDD2023\Seminar 9\Sem9SDD_1060\Source.c(138,29): warning C4133: 'function': incompatible types - from 'nodArb *' to 'nodArb *'
C:\Users\Administrator\source\repos\SDD2023\Seminar 9\Sem9SDD_1060\Source.c(140,30): warning C4133: 'function': incompatible types - from 'nodArb *' to 'nodArb *'
C:\Users\Administrator\source\repos\SDD2023\Seminar 9\Sem9SDD_1060\Source.c(151,18): warning C4133: '=': incompatible types - from 'nodArb *' to 'nodArb *'
C:\Users\Administrator\source\repos\SDD2023\Seminar 9\Sem9SDD_1060\Source.c(156,21): warning C4133: '=': incompatible types - from 'nodArb *' to 'nodArb *'
C:\Users\Administrator\source\repos\SDD2023\Seminar 9\Sem9SDD_1060\Source.c(163,20): warning C4133: '=': incompatible types - from 'nodArb *' to 'nodArb *'
C:\Users\Administrator\source\repos\SDD2023\Seminar 9\Sem9SDD_1060\Source.c(154,1): warning C4133: 'initializing': incompatible types - from 'nodArb *' to 'nodArb *'
C:\Users\Administrator\source\repos\SDD2023\Seminar 9\Sem9SDD_1060\Source.c(177,35): warning C4133: 'function': incompatible types - from 'nodArb *' to 'nodArb *'
C:\Users\Administrator\source\repos\SDD2023\Seminar 9\Sem9SDD_1060\Source.c(177,43): warning C4133: '=': incompatible types - from 'nodArb *' to 'nodArb *'
C:\Users\Administrator\source\repos\SDD2023\Seminar 9\Sem9SDD_1060\Source.c(180,38): warning C4133: 'function': incompatible types - from 'nodArb *' to 'nodArb *'
C:\Users\Administrator\source\repos\SDD2023\Seminar 9\Sem9SDD_1060\Source.c(180,46): warning C4133: '=': incompatible types - from 'nodArb *' to 'nodArb *'
C:\Users\Administrator\source\repos\SDD2023\Seminar 9\Sem9SDD_1060\Source.c(200,44): warning C4133: 'function': incompatible types - from 'nodArb *' to 'nodArb *'
C:\Users\Administrator\source\repos\SDD2023\Seminar 9\Sem9SDD_1060\Source.c(200,72): warning C4133: 'function': incompatible types - from 'nodArb *' to 'nodArb *'
C:\Users\Administrator\source\repos\SDD2023\Seminar 9\Sem9SDD_1060\Source.c(209,38): warning C4133: 'function': incompatible types - from 'nodArb *' to 'nodArb *'
C:\Users\Administrator\source\repos\SDD2023\Seminar 9\Sem9SDD_1060\Source.c(209,66): warning C4133: 'function': incompatible types - from 'nodArb *' to 'nodArb *'
C:\Users\Administrator\source\repos\SDD2023\Seminar 9\Sem9SDD_1060\Source.c(210,21): warning C4133: 'function': incompatible types - from 'nodArb *' to 'nodArb *'
C:\Users\Administrator\source\repos\SDD2023\Seminar 9\Sem9SDD_1060\Source.c(211,22): warning C4133: 'function': incompatible types - from 'nodArb *' to 'nodArb *'
C:\Users\Administrator\source\repos\SDD2023\Seminar 9\Sem9SDD_1060\Source.c(220,19): warning C4133: '=': incompatible types - from 'nodArb *' to 'nodArb *'
C:\Users\Administrator\source\repos\SDD2023\Seminar 9\Sem9SDD_1060\Source.c(218,1): warning C4133: 'initializing': incompatible types - from 'nodArb *' to 'nodArb *'
C:\Users\Administrator\source\repos\SDD2023\Seminar 9\Sem9SDD_1060\Source.c(230,18): warning C4133: '=': incompatible types - from 'nodArb *' to 'nodArb *'
C:\Users\Administrator\source\repos\SDD2023\Seminar 9\Sem9SDD_1060\Source.c(228,1): warning C4133: 'initializing': incompatible types - from 'nodArb *' to 'nodArb *'
C:\Users\Administrator\source\repos\SDD2023\Seminar 9\Sem9SDD_1060\Source.c(241,19): warning C4133: '=': incompatible types - from 'nodArb *' to 'nodArb *'
C:\Users\Administrator\source\repos\SDD2023\Seminar 9\Sem9SDD_1060\Source.c(243,19): warning C4133: '=': incompatible types - from 'nodArb *' to 'nodArb *'
C:\Users\Administrator\source\repos\SDD2023\Seminar 9\Sem9SDD_1060\Source.c(238,1): warning C4133: 'initializing': incompatible types - from 'nodArb *' to 'nodArb *'
C:\Users\Administrator\source\repos\SDD2023\Seminar 9\Sem9SDD_1060\Source.c(239,1): warning C4133: 'initializing': incompatible types - from 'nodArb *' to 'nodArb *'
C:\Users\Administrator\source\repos\SDD2023\Seminar 9\Sem9SDD_1060\Source.c(251,1): warning C4133: 'initializing': incompatible types - from 'nodArb *' to 'nodArb *'
C:\Users\Administrator\source\repos\SDD2023\Seminar 9\Sem9SDD_1060\Source.c(252,1): warning C4133: 'initializing': incompatible types - from 'nodArb *' to 'nodArb *'
C:\Users\Administrator\source\repos\SDD2023\Seminar 9\Sem9SDD_1060\Source.c(300,20): warning C4133: 'function': incompatible types - from 'nodArb *' to 'nodArb *'
C:\Users\Administrator\source\repos\SDD2023\Seminar 9\Sem9SDD_1060\Source.c(302,23): warning C4133: 'function': incompatible types - from 'nodArb *' to 'nodArb *'
  Sem8SDD_1060.vcxproj -> C:\Users\Administrator\source\repos\SDD2023\Seminar 9\Sem9SDD_1060\x64\Debug\Sem8SDD_1060.exe
