  Source.c
C:\Users\J1\Desktop\SDD SEMINARII\biletHashTabelVlad\Source.c(17,2): error C2061: syntax error: identifier 'nodLista'
C:\Users\J1\Desktop\SDD SEMINARII\biletHashTabelVlad\Source.c(18,1): error C2059: syntax error: '}'
C:\Users\J1\Desktop\SDD SEMINARII\biletHashTabelVlad\Source.c(21,2): error C2061: syntax error: identifier 'nodLista'
C:\Users\J1\Desktop\SDD SEMINARII\biletHashTabelVlad\Source.c(23,1): error C2059: syntax error: '}'
C:\Users\J1\Desktop\SDD SEMINARII\biletHashTabelVlad\Source.c(25,23): error C2146: syntax error: missing ')' before identifier 'tabela'
C:\Users\J1\Desktop\SDD SEMINARII\biletHashTabelVlad\Source.c(25,23): error C2061: syntax error: identifier 'tabela'
C:\Users\J1\Desktop\SDD SEMINARII\biletHashTabelVlad\Source.c(25,23): error C2059: syntax error: ';'
C:\Users\J1\Desktop\SDD SEMINARII\biletHashTabelVlad\Source.c(25,29): error C2059: syntax error: ','
C:\Users\J1\Desktop\SDD SEMINARII\biletHashTabelVlad\Source.c(25,42): error C2059: syntax error: ')'
C:\Users\J1\Desktop\SDD SEMINARII\biletHashTabelVlad\Source.c(31,21): error C2146: syntax error: missing ')' before identifier 'tabela'
C:\Users\J1\Desktop\SDD SEMINARII\biletHashTabelVlad\Source.c(31,21): error C2061: syntax error: identifier 'tabela'
C:\Users\J1\Desktop\SDD SEMINARII\biletHashTabelVlad\Source.c(31,21): error C2059: syntax error: ';'
C:\Users\J1\Desktop\SDD SEMINARII\biletHashTabelVlad\Source.c(31,27): error C2059: syntax error: ','
C:\Users\J1\Desktop\SDD SEMINARII\biletHashTabelVlad\Source.c(31,40): error C2059: syntax error: ')'
C:\Users\J1\Desktop\SDD SEMINARII\biletHashTabelVlad\Source.c(79,30): error C2143: syntax error: missing ')' before '*'
C:\Users\J1\Desktop\SDD SEMINARII\biletHashTabelVlad\Source.c(79,30): error C2143: syntax error: missing '{' before '*'
C:\Users\J1\Desktop\SDD SEMINARII\biletHashTabelVlad\Source.c(79,44): error C2059: syntax error: ')'
C:\Users\J1\Desktop\SDD SEMINARII\biletHashTabelVlad\Source.c(80,1): error C2054: expected '(' to follow 'inceputLista'
C:\Users\J1\Desktop\SDD SEMINARII\biletHashTabelVlad\Source.c(89,27): error C2146: syntax error: missing ')' before identifier 'tabela'
C:\Users\J1\Desktop\SDD SEMINARII\biletHashTabelVlad\Source.c(89,27): error C2061: syntax error: identifier 'tabela'
C:\Users\J1\Desktop\SDD SEMINARII\biletHashTabelVlad\Source.c(89,27): error C2059: syntax error: ';'
C:\Users\J1\Desktop\SDD SEMINARII\biletHashTabelVlad\Source.c(89,33): error C2059: syntax error: ')'
C:\Users\J1\Desktop\SDD SEMINARII\biletHashTabelVlad\Source.c(90,1): error C2449: found '{' at file scope (missing function header?)
C:\Users\J1\Desktop\SDD SEMINARII\biletHashTabelVlad\Source.c(102,1): error C2059: syntax error: '}'
