  arbore_binar1.c
C:\Users\J1\Desktop\SDD2023-main\Curs 6\Curs_6\arbore_binar1.c(23,39): warning C4013: 'strlen' undefined; assuming extern returning int
C:\Users\J1\Desktop\SDD2023-main\Curs 6\Curs_6\arbore_binar1.c(24,8): warning C4013: 'strcpy' undefined; assuming extern returning int
C:\Users\J1\Desktop\SDD2023-main\Curs 6\Curs_6\arbore_binar1.c(26,16): warning C4133: '=': incompatible types - from 'nodarb *' to 'nodarb *'
C:\Users\J1\Desktop\SDD2023-main\Curs 6\Curs_6\arbore_binar1.c(27,17): warning C4133: '=': incompatible types - from 'nodarb *' to 'nodarb *'
C:\Users\J1\Desktop\SDD2023-main\Curs 6\Curs_6\arbore_binar1.c(37,45): warning C4133: 'function': incompatible types - from 'nodarb *' to 'nodarb *'
C:\Users\J1\Desktop\SDD2023-main\Curs 6\Curs_6\arbore_binar1.c(37,46): warning C4133: '=': incompatible types - from 'nodarb *' to 'nodarb *'
C:\Users\J1\Desktop\SDD2023-main\Curs 6\Curs_6\arbore_binar1.c(43,48): warning C4133: 'function': incompatible types - from 'nodarb *' to 'nodarb *'
C:\Users\J1\Desktop\SDD2023-main\Curs 6\Curs_6\arbore_binar1.c(43,49): warning C4133: '=': incompatible types - from 'nodarb *' to 'nodarb *'
C:\Users\J1\Desktop\SDD2023-main\Curs 6\Curs_6\arbore_binar1.c(66,21): warning C4133: '=': incompatible types - from 'nodarb *' to 'nodarb *'
C:\Users\J1\Desktop\SDD2023-main\Curs 6\Curs_6\arbore_binar1.c(69,39): warning C4133: '=': incompatible types - from 'nodarb *' to 'nodarb *'
C:\Users\J1\Desktop\SDD2023-main\Curs 6\Curs_6\arbore_binar1.c(75,23): warning C4133: '=': incompatible types - from 'nodarb *' to 'nodarb *'
C:\Users\J1\Desktop\SDD2023-main\Curs 6\Curs_6\arbore_binar1.c(78,41): warning C4133: '=': incompatible types - from 'nodarb *' to 'nodarb *'
C:\Users\J1\Desktop\SDD2023-main\Curs 6\Curs_6\arbore_binar1.c(91,22): warning C4133: 'function': incompatible types - from 'nodarb *' to 'nodarb *'
C:\Users\J1\Desktop\SDD2023-main\Curs 6\Curs_6\arbore_binar1.c(92,23): warning C4133: 'function': incompatible types - from 'nodarb *' to 'nodarb *'
C:\Users\J1\Desktop\SDD2023-main\Curs 6\Curs_6\arbore_binar1.c(100,21): warning C4133: 'function': incompatible types - from 'nodarb *' to 'nodarb *'
C:\Users\J1\Desktop\SDD2023-main\Curs 6\Curs_6\arbore_binar1.c(102,22): warning C4133: 'function': incompatible types - from 'nodarb *' to 'nodarb *'
C:\Users\J1\Desktop\SDD2023-main\Curs 6\Curs_6\arbore_binar1.c(110,23): warning C4133: 'function': incompatible types - from 'nodarb *' to 'nodarb *'
C:\Users\J1\Desktop\SDD2023-main\Curs 6\Curs_6\arbore_binar1.c(111,24): warning C4133: 'function': incompatible types - from 'nodarb *' to 'nodarb *'
C:\Users\J1\Desktop\SDD2023-main\Curs 6\Curs_6\arbore_binar1.c(120,1): warning C4133: 'initializing': incompatible types - from 'nodarb *' to 'nodarb *'
C:\Users\J1\Desktop\SDD2023-main\Curs 6\Curs_6\arbore_binar1.c(121,1): warning C4133: 'initializing': incompatible types - from 'nodarb *' to 'nodarb *'
C:\Users\J1\Desktop\SDD2023-main\Curs 6\Curs_6\arbore_binar1.c(137,29): warning C4133: 'function': incompatible types - from 'nodarb *' to 'nodarb *'
C:\Users\J1\Desktop\SDD2023-main\Curs 6\Curs_6\arbore_binar1.c(139,30): warning C4133: 'function': incompatible types - from 'nodarb *' to 'nodarb *'
C:\Users\J1\Desktop\SDD2023-main\Curs 6\Curs_6\arbore_binar1.c(159,32): warning C4133: 'function': incompatible types - from 'nodarb *' to 'nodarb *'
C:\Users\J1\Desktop\SDD2023-main\Curs 6\Curs_6\arbore_binar1.c(160,33): warning C4133: 'function': incompatible types - from 'nodarb *' to 'nodarb *'
C:\Users\J1\Desktop\SDD2023-main\Curs 6\Curs_6\arbore_binar1.c(179,38): warning C4133: 'function': incompatible types - from 'nodarb *' to 'nodarb *'
C:\Users\J1\Desktop\SDD2023-main\Curs 6\Curs_6\arbore_binar1.c(180,39): warning C4133: 'function': incompatible types - from 'nodarb *' to 'nodarb *'
C:\Users\J1\Desktop\SDD2023-main\Curs 6\Curs_6\arbore_binar1.c(203,34): warning C4133: 'function': incompatible types - from 'nodarb *' to 'nodarb *'
C:\Users\J1\Desktop\SDD2023-main\Curs 6\Curs_6\arbore_binar1.c(204,35): warning C4133: 'function': incompatible types - from 'nodarb *' to 'nodarb *'
C:\Users\J1\Desktop\SDD2023-main\Curs 6\Curs_6\arbore_binar1.c(213,18): warning C4133: '=': incompatible types - from 'nodarb *' to 'nodarb *'
C:\Users\J1\Desktop\SDD2023-main\Curs 6\Curs_6\arbore_binar1.c(218,23): warning C4133: '=': incompatible types - from 'nodarb *' to 'nodarb *'
C:\Users\J1\Desktop\SDD2023-main\Curs 6\Curs_6\arbore_binar1.c(224,20): warning C4133: '=': incompatible types - from 'nodarb *' to 'nodarb *'
C:\Users\J1\Desktop\SDD2023-main\Curs 6\Curs_6\arbore_binar1.c(216,1): warning C4133: 'initializing': incompatible types - from 'nodarb *' to 'nodarb *'
C:\Users\J1\Desktop\SDD2023-main\Curs 6\Curs_6\arbore_binar1.c(245,37): warning C4133: 'function': incompatible types - from 'nodarb *' to 'nodarb *'
C:\Users\J1\Desktop\SDD2023-main\Curs 6\Curs_6\arbore_binar1.c(245,45): warning C4133: '=': incompatible types - from 'nodarb *' to 'nodarb *'
C:\Users\J1\Desktop\SDD2023-main\Curs 6\Curs_6\arbore_binar1.c(250,39): warning C4133: 'function': incompatible types - from 'nodarb *' to 'nodarb *'
C:\Users\J1\Desktop\SDD2023-main\Curs 6\Curs_6\arbore_binar1.c(250,47): warning C4133: '=': incompatible types - from 'nodarb *' to 'nodarb *'
C:\Users\J1\Desktop\SDD2023-main\Curs 6\Curs_6\arbore_binar1.c(322,21): warning C4133: 'function': incompatible types - from 'nodarb *' to 'nodarb *'
C:\Users\J1\Desktop\SDD2023-main\Curs 6\Curs_6\arbore_binar1.c(324,22): warning C4133: 'function': incompatible types - from 'nodarb *' to 'nodarb *'
C:\Users\J1\Desktop\SDD2023-main\Curs 6\Curs_6\arbore_binar1.c(333,69): warning C4133: 'function': incompatible types - from 'nodarb *' to 'nodarb *'
C:\Users\J1\Desktop\SDD2023-main\Curs 6\Curs_6\arbore_binar1.c(334,70): warning C4133: 'function': incompatible types - from 'nodarb *' to 'nodarb *'
  Curs_6.vcxproj -> C:\Users\J1\Desktop\SDD2023-main\Curs 6\Curs_6\x64\Debug\Curs_6.exe
